0 info it worked if it ends with ok
1 verbose cli [ '/usr/bin/nodejs', '/usr/bin/npm', 'run-script', 'start-web' ]
2 info using npm@3.5.2
3 info using node@v4.2.6
4 verbose run-script [ 'prestart-web', 'start-web', 'poststart-web' ]
5 info lifecycle training-manager@1.0.0~prestart-web: training-manager@1.0.0
6 silly lifecycle training-manager@1.0.0~prestart-web: no script for prestart-web, continuing
7 info lifecycle training-manager@1.0.0~start-web: training-manager@1.0.0
8 verbose lifecycle training-manager@1.0.0~start-web: unsafe-perm in lifecycle true
9 verbose lifecycle training-manager@1.0.0~start-web: PATH: /usr/share/npm/bin/node-gyp-bin:/home/alpha/Documents/projects/training-manager/node_modules/.bin:/home/alpha/.npm-packages/bin:/home/alpha/bin:/usr/local/sbin:/usr/local/bin:/usr/sbin:/usr/bin:/sbin:/bin:/usr/games:/usr/local/games:/home/alpha/bin:/usr/lib/jvm/java-7-openjdk-amd64/bin:/media/alpha/shuro_media/Alpha/Linux/Android/Sdk/tools:/media/alpha/shuro_media/Alpha/Linux/Android/Sdk/platform-tools
10 verbose lifecycle training-manager@1.0.0~start-web: CWD: /home/alpha/Documents/projects/training-manager
11 silly lifecycle training-manager@1.0.0~start-web: Args: [ '-c', 'cd tm-web && meteor' ]
12 silly lifecycle training-manager@1.0.0~start-web: Returned: code: 8  signal: null
13 info lifecycle training-manager@1.0.0~start-web: Failed to exec start-web script
14 verbose stack Error: training-manager@1.0.0 start-web: `cd tm-web && meteor`
14 verbose stack Exit status 8
14 verbose stack     at EventEmitter.<anonymous> (/usr/share/npm/lib/utils/lifecycle.js:232:16)
14 verbose stack     at emitTwo (events.js:87:13)
14 verbose stack     at EventEmitter.emit (events.js:172:7)
14 verbose stack     at ChildProcess.<anonymous> (/usr/share/npm/lib/utils/spawn.js:24:14)
14 verbose stack     at emitTwo (events.js:87:13)
14 verbose stack     at ChildProcess.emit (events.js:172:7)
14 verbose stack     at maybeClose (internal/child_process.js:821:16)
14 verbose stack     at Process.ChildProcess._handle.onexit (internal/child_process.js:211:5)
15 verbose pkgid training-manager@1.0.0
16 verbose cwd /home/alpha/Documents/projects/training-manager
17 error Linux 4.4.0-2-generic
18 error argv "/usr/bin/nodejs" "/usr/bin/npm" "run-script" "start-web"
19 error node v4.2.6
20 error npm  v3.5.2
21 error code ELIFECYCLE
22 error training-manager@1.0.0 start-web: `cd tm-web && meteor`
22 error Exit status 8
23 error Failed at the training-manager@1.0.0 start-web script 'cd tm-web && meteor'.
23 error Make sure you have the latest version of node.js and npm installed.
23 error If you do, this is most likely a problem with the training-manager package,
23 error not with npm itself.
23 error Tell the author that this fails on your system:
23 error     cd tm-web && meteor
23 error You can get information on how to open an issue for this project with:
23 error     npm bugs training-manager
23 error Or if that isn't available, you can get their info via:
23 error     npm owner ls training-manager
23 error There is likely additional logging output above.
24 verbose exit [ 1, true ]
